<?xml version="1.0" encoding="UTF-8"?>
<!-- Generated by org.testng.reporters.JUnitXMLReporter -->
<testsuite ignored="8" hostname="DESKTOP-AOMMAF5" failures="0" tests="3" name="Test" time="50.195" errors="0" timestamp="2025-07-09T08:27:45 IST">
  <testcase classname="Campaigns.CreateCampaignsTest" name="createCampaignsTest" time="9.198"/>
  <testcase classname="Campaigns.CreateCapaingnsProductTest" name="createCapaingnsProductTest" time="16.196"/>
  <testcase classname="ContactPage.CreateContactTest" name="createContactTest" time="9.002"/>
  <testcase classname="Genric_utility.Base_Class" name="@BeforeSuite BS" time="0.0">
    <ignored/>
  </testcase> <!-- @BeforeSuite BS -->
  <testcase classname="Genric_utility.Base_Class" name="@BeforeTest BT" time="0.0">
    <ignored/>
  </testcase> <!-- @BeforeTest BT -->
  <testcase classname="Genric_utility.Base_Class" name="@AfterSuite AS" time="0.0">
    <ignored/>
  </testcase> <!-- @AfterSuite AS -->
  <testcase classname="Genric_utility.Base_Class" name="@AfterTest AT" time="0.0">
    <ignored/>
  </testcase> <!-- @AfterTest AT -->
  <testcase classname="Genric_utility.Base_Class" name="@BeforeSuite BS" time="0.0">
    <ignored/>
  </testcase> <!-- @BeforeSuite BS -->
  <testcase classname="Genric_utility.Base_Class" name="@AfterTest AT" time="0.0">
    <ignored/>
  </testcase> <!-- @AfterTest AT -->
  <testcase classname="Genric_utility.Base_Class" name="@BeforeTest BT" time="0.0">
    <ignored/>
  </testcase> <!-- @BeforeTest BT -->
  <testcase classname="Genric_utility.Base_Class" name="@AfterSuite AS" time="0.0">
    <ignored/>
  </testcase> <!-- @AfterSuite AS -->
</testsuite> <!-- Test -->
