<?xml version="1.0" encoding="UTF-8"?>
<testng-results ignored="0" total="1" passed="1" failed="0" skipped="0">
  <reporter-output>
  </reporter-output>
  <suite started-at="2025-07-21T22:01:57 IST" name="Default suite" finished-at="2025-07-21T22:02:11 IST" duration-ms="13817">
    <groups>
    </groups>
    <test started-at="2025-07-21T22:01:57 IST" name="Default test" finished-at="2025-07-21T22:02:11 IST" duration-ms="13817">
      <class name="Campaigns.CreateCampaignsTest">
        <test-method is-config="true" signature="BS()[pri:0, instance:Campaigns.CreateCampaignsTest@707194ba]" started-at="2025-07-21T22:01:57 IST" name="BS" finished-at="2025-07-21T22:01:57 IST" duration-ms="12" status="PASS">
          <reporter-output>
          </reporter-output>
        </test-method> <!-- BS -->
        <test-method is-config="true" signature="BT()[pri:0, instance:Campaigns.CreateCampaignsTest@707194ba]" started-at="2025-07-21T22:01:57 IST" name="BT" finished-at="2025-07-21T22:01:57 IST" duration-ms="0" status="PASS">
          <reporter-output>
          </reporter-output>
        </test-method> <!-- BT -->
        <test-method is-config="true" signature="BC()[pri:0, instance:Campaigns.CreateCampaignsTest@707194ba]" started-at="2025-07-21T22:01:57 IST" name="BC" finished-at="2025-07-21T22:01:59 IST" duration-ms="1898" status="PASS">
          <reporter-output>
          </reporter-output>
        </test-method> <!-- BC -->
        <test-method is-config="true" signature="BM()[pri:0, instance:Campaigns.CreateCampaignsTest@707194ba]" started-at="2025-07-21T22:01:59 IST" name="BM" finished-at="2025-07-21T22:02:02 IST" duration-ms="2745" status="PASS">
          <reporter-output>
          </reporter-output>
        </test-method> <!-- BM -->
        <test-method signature="createCampaignsTest()[pri:0, instance:Campaigns.CreateCampaignsTest@707194ba]" started-at="2025-07-21T22:02:02 IST" name="createCampaignsTest" finished-at="2025-07-21T22:02:10 IST" duration-ms="7868" status="PASS">
          <reporter-output>
          </reporter-output>
        </test-method> <!-- createCampaignsTest -->
        <test-method is-config="true" signature="AM()[pri:0, instance:Campaigns.CreateCampaignsTest@707194ba]" started-at="2025-07-21T22:02:10 IST" name="AM" finished-at="2025-07-21T22:02:11 IST" duration-ms="1079" status="PASS">
          <reporter-output>
          </reporter-output>
        </test-method> <!-- AM -->
        <test-method is-config="true" signature="AC()[pri:0, instance:Campaigns.CreateCampaignsTest@707194ba]" started-at="2025-07-21T22:02:11 IST" name="AC" finished-at="2025-07-21T22:02:11 IST" duration-ms="167" status="PASS">
          <reporter-output>
          </reporter-output>
        </test-method> <!-- AC -->
        <test-method is-config="true" signature="AT()[pri:0, instance:Campaigns.CreateCampaignsTest@707194ba]" started-at="2025-07-21T22:02:11 IST" name="AT" finished-at="2025-07-21T22:02:11 IST" duration-ms="1" status="PASS">
          <reporter-output>
          </reporter-output>
        </test-method> <!-- AT -->
        <test-method is-config="true" signature="AS()[pri:0, instance:Campaigns.CreateCampaignsTest@707194ba]" started-at="2025-07-21T22:02:11 IST" name="AS" finished-at="2025-07-21T22:02:11 IST" duration-ms="1" status="PASS">
          <reporter-output>
          </reporter-output>
        </test-method> <!-- AS -->
      </class> <!-- Campaigns.CreateCampaignsTest -->
    </test> <!-- Default test -->
  </suite> <!-- Default suite -->
</testng-results>
